#
# There is insufficient memory for the Java Runtime Environment to continue.
# Native memory allocation (mmap) failed to map 457179136 bytes for committing reserved memory.
# Possible reasons:
#   The system is out of physical RAM or swap space
#   In 32 bit mode, the process size limit was hit
# Possible solutions:
#   Reduce memory load on the system
#   Increase physical memory or swap space
#   Check if swap backing store is full
#   Use 64 bit Java on a 64 bit OS
#   Decrease Java heap size (-Xmx/-Xms)
#   Decrease number of Java threads
#   Decrease Java thread stack sizes (-Xss)
#   Set larger code cache with -XX:ReservedCodeCacheSize=
# This output file may be truncated or incomplete.
#
#  Out of Memory Error (os_linux.cpp:2627), pid=5911, tid=0x00007fe18f7f7700
#
# JRE version: OpenJDK Runtime Environment (8.0_121-b13) (build 1.8.0_121-b13)
# Java VM: OpenJDK 64-Bit Server VM (25.121-b13 mixed mode linux-amd64 compressed oops)
# Core dump written. Default location: /home/hugo/Work/Constraint/Assignment 2/Constraint Solver/core or core.5911
#

---------------  T H R E A D  ---------------

Current thread (0x00007fe1b4077800):  VMThread [stack: 0x00007fe18f6f7000,0x00007fe18f7f8000] [id=5917]

Stack: [0x00007fe18f6f7000,0x00007fe18f7f8000],  sp=0x00007fe18f7f6540,  free space=1021k
Native frames: (J=compiled Java code, j=interpreted, Vv=VM code, C=native code)
V  [libjvm.so+0xa2ce3b]
V  [libjvm.so+0x4b2387]
V  [libjvm.so+0x885fd0]
V  [libjvm.so+0x880d0f]
V  [libjvm.so+0x8f879e]
V  [libjvm.so+0x8e840b]
V  [libjvm.so+0x8e85db]
V  [libjvm.so+0x8e8f26]
V  [libjvm.so+0x8eee7e]
V  [libjvm.so+0x8f668d]
V  [libjvm.so+0x8a9383]
V  [libjvm.so+0xa2e8a3]
V  [libjvm.so+0xa337a7]
V  [libjvm.so+0xa31117]
V  [libjvm.so+0xa3241e]
V  [libjvm.so+0xa32912]
V  [libjvm.so+0x8838a2]

VM_Operation (0x00007fe1bc255f00): ParallelGCFailedAllocation, mode: safepoint, requested by thread 0x00007fe1b400a800


---------------  P R O C E S S  ---------------

Java Threads: ( => current thread )
  0x00007fe1b40ec800 JavaThread "Monitor Ctrl-Break" daemon [_thread_in_native, id=5927, stack(0x00007fe18ebd9000,0x00007fe18ecda000)]
  0x00007fe1b40be800 JavaThread "Service Thread" daemon [_thread_blocked, id=5925, stack(0x00007fe18eff0000,0x00007fe18f0f1000)]
  0x00007fe1b40bb800 JavaThread "C1 CompilerThread2" daemon [_thread_blocked, id=5924, stack(0x00007fe18f0f1000,0x00007fe18f1f2000)]
  0x00007fe1b40ba000 JavaThread "C2 CompilerThread1" daemon [_thread_blocked, id=5923, stack(0x00007fe18f1f2000,0x00007fe18f2f3000)]
  0x00007fe1b40b7000 JavaThread "C2 CompilerThread0" daemon [_thread_blocked, id=5922, stack(0x00007fe18f2f3000,0x00007fe18f3f4000)]
  0x00007fe1b40b5800 JavaThread "Signal Dispatcher" daemon [_thread_blocked, id=5921, stack(0x00007fe18f3f4000,0x00007fe18f4f5000)]
  0x00007fe1b4084000 JavaThread "Finalizer" daemon [_thread_blocked, id=5919, stack(0x00007fe18f4f5000,0x00007fe18f5f6000)]
  0x00007fe1b407f800 JavaThread "Reference Handler" daemon [_thread_blocked, id=5918, stack(0x00007fe18f5f6000,0x00007fe18f6f7000)]
  0x00007fe1b400a800 JavaThread "main" [_thread_blocked, id=5912, stack(0x00007fe1bc157000,0x00007fe1bc258000)]

Other Threads:
=>0x00007fe1b4077800 VMThread [stack: 0x00007fe18f6f7000,0x00007fe18f7f8000] [id=5917]
  0x00007fe1b40c1000 WatcherThread [stack: 0x00007fe18eeef000,0x00007fe18eff0000] [id=5926]

VM state:at safepoint (normal execution)

VM Mutex/Monitor currently owned by a thread:  ([mutex/lock_event])
[0x00007fe1b40061f0] ExpandHeap_lock - owner thread: 0x00007fe1b4077800
[0x00007fe1b4006870] Threads_lock - owner thread: 0x00007fe1b4077800
[0x00007fe1b4006d70] Heap_lock - owner thread: 0x00007fe1b400a800

Heap:
 PSYoungGen      total 449536K, used 85770K [0x00000000d6e00000, 0x0000000100000000, 0x0000000100000000)
  eden space 225280K, 0% used [0x00000000d6e00000,0x00000000d6e00000,0x00000000e4a00000)
  from space 224256K, 38% used [0x00000000e4a00000,0x00000000e9dc2ba8,0x00000000f2500000)
  to   space 224256K, 0% used [0x00000000f2500000,0x00000000f2500000,0x0000000100000000)
 ParOldGen       total 784384K, used 784157K [0x0000000084a00000, 0x00000000b4800000, 0x00000000d6e00000)
  object space 784384K, 99% used [0x0000000084a00000,0x00000000b47c77e0,0x00000000b4800000)
 Metaspace       used 4180K, capacity 4762K, committed 4864K, reserved 1056768K
  class space    used 457K, capacity 503K, committed 512K, reserved 1048576K

Card table byte_map: [0x00007fe1b8a2d000,0x00007fe1b8e09000] byte_map_base: 0x00007fe1b8608000

Marking Bits: (ParMarkBitMap*) 0x00007fe1bb463260
 Begin Bits: [0x00007fe19c250000, 0x00007fe19e128000)
 End Bits:   [0x00007fe19e128000, 0x00007fe1a0000000)

Polling page: 0x00007fe1bc28a000

CodeCache: size=245760Kb used=1861Kb max_used=1871Kb free=243898Kb
 bounds [0x00007fe1a5000000, 0x00007fe1a5270000, 0x00007fe1b4000000]
 total_blobs=627 nmethods=365 adapters=177
 compilation: enabled

Compilation events (10 events):
Event: 9.136 Thread 0x00007fe1b40bb800  362       3       search.BreadthFirst::removeFirstFromSet (39 bytes)
Event: 9.136 Thread 0x00007fe1b40b7000  361       4       java.util.HashSet::remove (20 bytes)
Event: 9.137 Thread 0x00007fe1b40bb800 nmethod 362 0x00007fe1a519b810 code [0x00007fe1a519ba20, 0x00007fe1a519c628]
Event: 9.138 Thread 0x00007fe1b40b7000 nmethod 361 0x00007fe1a519edd0 code [0x00007fe1a519ef60, 0x00007fe1a519f2b8]
Event: 9.163 Thread 0x00007fe1b40ba000  363       4       search.BreadthFirst::removeFirstFromSet (39 bytes)
Event: 9.175 Thread 0x00007fe1b40ba000 nmethod 363 0x00007fe1a51d4110 code [0x00007fe1a51d4360, 0x00007fe1a51d4fe0]
Event: 14.458 Thread 0x00007fe1b40bb800  364       3       java.lang.ClassLoader::checkName (43 bytes)
Event: 14.459 Thread 0x00007fe1b40bb800 nmethod 364 0x00007fe1a51bed10 code [0x00007fe1a51beec0, 0x00007fe1a51bf638]
Event: 14.459 Thread 0x00007fe1b40bb800  365       3       sun.misc.VM::allowArraySyntax (4 bytes)
Event: 14.459 Thread 0x00007fe1b40bb800 nmethod 365 0x00007fe1a51acfd0 code [0x00007fe1a51ad120, 0x00007fe1a51ad270]

GC Heap History (10 events):
Event: 9.122 GC heap after
Heap after GC invocations=15 (full 3):
 PSYoungGen      total 449536K, used 224241K [0x00000000d6e00000, 0x0000000100000000, 0x0000000100000000)
  eden space 225280K, 0% used [0x00000000d6e00000,0x00000000d6e00000,0x00000000e4a00000)
  from space 224256K, 99% used [0x00000000f2500000,0x00000000ffffc528,0x0000000100000000)
  to   space 224256K, 0% used [0x00000000e4a00000,0x00000000e4a00000,0x00000000f2500000)
 ParOldGen       total 474112K, used 384803K [0x0000000084a00000, 0x00000000a1900000, 0x00000000d6e00000)
  object space 474112K, 81% used [0x0000000084a00000,0x000000009c1c8e18,0x00000000a1900000)
 Metaspace       used 4169K, capacity 4762K, committed 4864K, reserved 1056768K
  class space    used 455K, capacity 503K, committed 512K, reserved 1048576K
}
Event: 9.204 GC heap before
{Heap before GC invocations=16 (full 3):
 PSYoungGen      total 449536K, used 449521K [0x00000000d6e00000, 0x0000000100000000, 0x0000000100000000)
  eden space 225280K, 100% used [0x00000000d6e00000,0x00000000e4a00000,0x00000000e4a00000)
  from space 224256K, 99% used [0x00000000f2500000,0x00000000ffffc528,0x0000000100000000)
  to   space 224256K, 0% used [0x00000000e4a00000,0x00000000e4a00000,0x00000000f2500000)
 ParOldGen       total 474112K, used 384803K [0x0000000084a00000, 0x00000000a1900000, 0x00000000d6e00000)
  object space 474112K, 81% used [0x0000000084a00000,0x000000009c1c8e18,0x00000000a1900000)
 Metaspace       used 4169K, capacity 4762K, committed 4864K, reserved 1056768K
  class space    used 455K, capacity 503K, committed 512K, reserved 1048576K
Event: 9.536 GC heap after
Heap after GC invocations=16 (full 3):
 PSYoungGen      total 449536K, used 224241K [0x00000000d6e00000, 0x0000000100000000, 0x0000000100000000)
  eden space 225280K, 0% used [0x00000000d6e00000,0x00000000d6e00000,0x00000000e4a00000)
  from space 224256K, 99% used [0x00000000e4a00000,0x00000000f24fc528,0x00000000f2500000)
  to   space 224256K, 0% used [0x00000000f2500000,0x00000000f2500000,0x0000000100000000)
 ParOldGen       total 474112K, used 473355K [0x0000000084a00000, 0x00000000a1900000, 0x00000000d6e00000)
  object space 474112K, 99% used [0x0000000084a00000,0x00000000a1842e18,0x00000000a1900000)
 Metaspace       used 4169K, capacity 4762K, committed 4864K, reserved 1056768K
  class space    used 455K, capacity 503K, committed 512K, reserved 1048576K
}
Event: 9.536 GC heap before
{Heap before GC invocations=17 (full 4):
 PSYoungGen      total 449536K, used 224241K [0x00000000d6e00000, 0x0000000100000000, 0x0000000100000000)
  eden space 225280K, 0% used [0x00000000d6e00000,0x00000000d6e00000,0x00000000e4a00000)
  from space 224256K, 99% used [0x00000000e4a00000,0x00000000f24fc528,0x00000000f2500000)
  to   space 224256K, 0% used [0x00000000f2500000,0x00000000f2500000,0x0000000100000000)
 ParOldGen       total 474112K, used 473355K [0x0000000084a00000, 0x00000000a1900000, 0x00000000d6e00000)
  object space 474112K, 99% used [0x0000000084a00000,0x00000000a1842e18,0x00000000a1900000)
 Metaspace       used 4169K, capacity 4762K, committed 4864K, reserved 1056768K
  class space    used 455K, capacity 503K, committed 512K, reserved 1048576K
Event: 14.458 GC heap after
Heap after GC invocations=17 (full 4):
 PSYoungGen      total 449536K, used 222710K [0x00000000d6e00000, 0x0000000100000000, 0x0000000100000000)
  eden space 225280K, 0% used [0x00000000d6e00000,0x00000000d6e00000,0x00000000e4a00000)
  from space 224256K, 99% used [0x00000000e4a00000,0x00000000f237d850,0x00000000f2500000)
  to   space 224256K, 0% used [0x00000000f2500000,0x00000000f2500000,0x0000000100000000)
 ParOldGen       total 777728K, used 473214K [0x0000000084a00000, 0x00000000b4180000, 0x00000000d6e00000)
  object space 777728K, 60% used [0x0000000084a00000,0x00000000a181fa70,0x00000000b4180000)
 Metaspace       used 4169K, capacity 4762K, committed 4864K, reserved 1056768K
  class space    used 455K, capacity 503K, committed 512K, reserved 1048576K
}
Event: 14.539 GC heap before
{Heap before GC invocations=18 (full 4):
 PSYoungGen      total 449536K, used 447990K [0x00000000d6e00000, 0x0000000100000000, 0x0000000100000000)
  eden space 225280K, 100% used [0x00000000d6e00000,0x00000000e4a00000,0x00000000e4a00000)
  from space 224256K, 99% used [0x00000000e4a00000,0x00000000f237d850,0x00000000f2500000)
  to   space 224256K, 0% used [0x00000000f2500000,0x00000000f2500000,0x0000000100000000)
 ParOldGen       total 777728K, used 473214K [0x0000000084a00000, 0x00000000b4180000, 0x00000000d6e00000)
  object space 777728K, 60% used [0x0000000084a00000,0x00000000a181fa70,0x00000000b4180000)
 Metaspace       used 4180K, capacity 4762K, committed 4864K, reserved 1056768K
  class space    used 457K, capacity 503K, committed 512K, reserved 1048576K
Event: 15.070 GC heap after
Heap after GC invocations=18 (full 4):
 PSYoungGen      total 449536K, used 171888K [0x00000000d6e00000, 0x0000000100000000, 0x0000000100000000)
  eden space 225280K, 0% used [0x00000000d6e00000,0x00000000d6e00000,0x00000000e4a00000)
  from space 224256K, 76% used [0x00000000f2500000,0x00000000fccdc010,0x0000000100000000)
  to   space 224256K, 0% used [0x00000000e4a00000,0x00000000e4a00000,0x00000000f2500000)
 ParOldGen       total 777728K, used 610326K [0x0000000084a00000, 0x00000000b4180000, 0x00000000d6e00000)
  object space 777728K, 78% used [0x0000000084a00000,0x00000000a9e05a80,0x00000000b4180000)
 Metaspace       used 4180K, capacity 4762K, committed 4864K, reserved 1056768K
  class space    used 457K, capacity 503K, committed 512K, reserved 1048576K
}
Event: 15.150 GC heap before
{Heap before GC invocations=19 (full 4):
 PSYoungGen      total 449536K, used 397168K [0x00000000d6e00000, 0x0000000100000000, 0x0000000100000000)
  eden space 225280K, 100% used [0x00000000d6e00000,0x00000000e4a00000,0x00000000e4a00000)
  from space 224256K, 76% used [0x00000000f2500000,0x00000000fccdc010,0x0000000100000000)
  to   space 224256K, 0% used [0x00000000e4a00000,0x00000000e4a00000,0x00000000f2500000)
 ParOldGen       total 777728K, used 610326K [0x0000000084a00000, 0x00000000b4180000, 0x00000000d6e00000)
  object space 777728K, 78% used [0x0000000084a00000,0x00000000a9e05a80,0x00000000b4180000)
 Metaspace       used 4180K, capacity 4762K, committed 4864K, reserved 1056768K
  class space    used 457K, capacity 503K, committed 512K, reserved 1048576K
Event: 15.472 GC heap after
Heap after GC invocations=19 (full 4):
 PSYoungGen      total 449536K, used 88480K [0x00000000d6e00000, 0x0000000100000000, 0x0000000100000000)
  eden space 225280K, 0% used [0x00000000d6e00000,0x00000000d6e00000,0x00000000e4a00000)
  from space 224256K, 39% used [0x00000000e4a00000,0x00000000ea068000,0x00000000f2500000)
  to   space 224256K, 0% used [0x00000000f2500000,0x00000000f2500000,0x0000000100000000)
 ParOldGen       total 784384K, used 782566K [0x0000000084a00000, 0x00000000b4800000, 0x00000000d6e00000)
  object space 784384K, 99% used [0x0000000084a00000,0x00000000b4639aa0,0x00000000b4800000)
 Metaspace       used 4180K, capacity 4762K, committed 4864K, reserved 1056768K
  class space    used 457K, capacity 503K, committed 512K, reserved 1048576K
}
Event: 15.472 GC heap before
{Heap before GC invocations=20 (full 5):
 PSYoungGen      total 449536K, used 88480K [0x00000000d6e00000, 0x0000000100000000, 0x0000000100000000)
  eden space 225280K, 0% used [0x00000000d6e00000,0x00000000d6e00000,0x00000000e4a00000)
  from space 224256K, 39% used [0x00000000e4a00000,0x00000000ea068000,0x00000000f2500000)
  to   space 224256K, 0% used [0x00000000f2500000,0x00000000f2500000,0x0000000100000000)
 ParOldGen       total 784384K, used 782566K [0x0000000084a00000, 0x00000000b4800000, 0x00000000d6e00000)
  object space 784384K, 99% used [0x0000000084a00000,0x00000000b4639aa0,0x00000000b4800000)
 Metaspace       used 4180K, capacity 4762K, committed 4864K, reserved 1056768K
  class space    used 457K, capacity 503K, committed 512K, reserved 1048576K

Deoptimization events (1 events):
Event: 9.135 Thread 0x00007fe1b400a800 Uncommon trap: reason=unstable_if action=reinterpret pc=0x00007fe1a51abdb0 method=java.util.HashMap.putVal(ILjava/lang/Object;Ljava/lang/Object;ZZ)Ljava/lang/Object; @ 181

Internal exceptions (4 events):
Event: 0.070 Thread 0x00007fe1b400a800 Exception <a 'java/lang/NoSuchMethodError': Method sun.misc.Unsafe.defineClass(Ljava/lang/String;[BII)Ljava/lang/Class; name or signature does not match> (0x00000000d6e07ca8) thrown at [/build/java8-openjdk/src/jdk8u-jdk8u121-b13/hotspot/src/share/vm/prim
Event: 0.070 Thread 0x00007fe1b400a800 Exception <a 'java/lang/NoSuchMethodError': Method sun.misc.Unsafe.prefetchRead(Ljava/lang/Object;J)V name or signature does not match> (0x00000000d6e07f90) thrown at [/build/java8-openjdk/src/jdk8u-jdk8u121-b13/hotspot/src/share/vm/prims/jni.cpp, line 40
Event: 0.315 Thread 0x00007fe1b400a800 Exception <a 'java/lang/NoSuchFieldError': method resolution failed> (0x00000000d70c1ea0) thrown at [/build/java8-openjdk/src/jdk8u-jdk8u121-b13/hotspot/src/share/vm/prims/methodHandles.cpp, line 1146]
Event: 0.317 Thread 0x00007fe1b400a800 Exception <a 'java/lang/NoSuchFieldError': method resolution failed> (0x00000000d70cf2a0) thrown at [/build/java8-openjdk/src/jdk8u-jdk8u121-b13/hotspot/src/share/vm/prims/methodHandles.cpp, line 1146]

Events (10 events):
Event: 14.462 loading class java/util/concurrent/locks/AbstractOwnableSynchronizer done
Event: 14.462 Executing VM operation: PrintThreads
Event: 14.462 Executing VM operation: PrintThreads done
Event: 14.463 Executing VM operation: PrintJNI
Event: 14.463 Executing VM operation: PrintJNI done
Event: 14.463 Executing VM operation: FindDeadlocks
Event: 14.463 Executing VM operation: FindDeadlocks done
Event: 14.539 Executing VM operation: ParallelGCFailedAllocation
Event: 15.070 Executing VM operation: ParallelGCFailedAllocation done
Event: 15.150 Executing VM operation: ParallelGCFailedAllocation


Dynamic libraries:
00400000-00401000 r-xp 00000000 08:06 567293                             /usr/lib/jvm/java-8-openjdk/jre/bin/java
00600000-00601000 r--p 00000000 08:06 567293                             /usr/lib/jvm/java-8-openjdk/jre/bin/java
00601000-00602000 rw-p 00001000 08:06 567293                             /usr/lib/jvm/java-8-openjdk/jre/bin/java
01f24000-01f45000 rw-p 00000000 00:00 0                                  [heap]
84a00000-b4800000 rw-p 00000000 00:00 0 
cfc00000-d6e00000 ---p 00000000 00:00 0 
d6e00000-100000000 rw-p 00000000 00:00 0 
100000000-100080000 rw-p 00000000 00:00 0 
100080000-140000000 ---p 00000000 00:00 0 
7fe160000000-7fe16002e000 rw-p 00000000 00:00 0 
7fe16002e000-7fe164000000 ---p 00000000 00:00 0 
7fe168000000-7fe168021000 rw-p 00000000 00:00 0 
7fe168021000-7fe16c000000 ---p 00000000 00:00 0 
7fe16c000000-7fe16c021000 rw-p 00000000 00:00 0 
7fe16c021000-7fe170000000 ---p 00000000 00:00 0 
7fe170000000-7fe1708be000 rw-p 00000000 00:00 0 
7fe1708be000-7fe174000000 ---p 00000000 00:00 0 
7fe174000000-7fe1741e1000 rw-p 00000000 00:00 0 
7fe1741e1000-7fe178000000 ---p 00000000 00:00 0 
7fe178000000-7fe178021000 rw-p 00000000 00:00 0 
7fe178021000-7fe17c000000 ---p 00000000 00:00 0 
7fe17c000000-7fe17c8b2000 rw-p 00000000 00:00 0 
7fe17c8b2000-7fe180000000 ---p 00000000 00:00 0 
7fe180000000-7fe180021000 rw-p 00000000 00:00 0 
7fe180021000-7fe184000000 ---p 00000000 00:00 0 
7fe184000000-7fe184021000 rw-p 00000000 00:00 0 
7fe184021000-7fe188000000 ---p 00000000 00:00 0 
7fe188000000-7fe188021000 rw-p 00000000 00:00 0 
7fe188021000-7fe18c000000 ---p 00000000 00:00 0 
7fe18e991000-7fe18e9c2000 rw-p 00000000 00:00 0 
7fe18e9c2000-7fe18e9d8000 r-xp 00000000 08:06 567387                     /usr/lib/jvm/java-8-openjdk/jre/lib/amd64/libnet.so
7fe18e9d8000-7fe18ebd7000 ---p 00016000 08:06 567387                     /usr/lib/jvm/java-8-openjdk/jre/lib/amd64/libnet.so
7fe18ebd7000-7fe18ebd8000 r--p 00015000 08:06 567387                     /usr/lib/jvm/java-8-openjdk/jre/lib/amd64/libnet.so
7fe18ebd8000-7fe18ebd9000 rw-p 00016000 08:06 567387                     /usr/lib/jvm/java-8-openjdk/jre/lib/amd64/libnet.so
7fe18ebd9000-7fe18ebdc000 ---p 00000000 00:00 0 
7fe18ebdc000-7fe18ecda000 rw-p 00000000 00:00 0 
7fe18ecda000-7fe18ecdb000 r-xp 00000000 08:06 680087                     /usr/share/intellij-idea-ue-bundled-jre/bin/libbreakgen64.so
7fe18ecdb000-7fe18eeda000 ---p 00001000 08:06 680087                     /usr/share/intellij-idea-ue-bundled-jre/bin/libbreakgen64.so
7fe18eeda000-7fe18eedb000 r--p 00000000 08:06 680087                     /usr/share/intellij-idea-ue-bundled-jre/bin/libbreakgen64.so
7fe18eedb000-7fe18eedc000 rw-p 00001000 08:06 680087                     /usr/share/intellij-idea-ue-bundled-jre/bin/libbreakgen64.so
7fe18eedc000-7fe18eeef000 r--s 00346000 08:06 567316                     /usr/lib/jvm/java-8-openjdk/jre/lib/resources.jar
7fe18eeef000-7fe18eef0000 ---p 00000000 00:00 0 
7fe18eef0000-7fe18eff0000 rw-p 00000000 00:00 0 
7fe18eff0000-7fe18eff3000 ---p 00000000 00:00 0 
7fe18eff3000-7fe18f0f1000 rw-p 00000000 00:00 0 
7fe18f0f1000-7fe18f0f4000 ---p 00000000 00:00 0 
7fe18f0f4000-7fe18f1f2000 rw-p 00000000 00:00 0 
7fe18f1f2000-7fe18f1f5000 ---p 00000000 00:00 0 
7fe18f1f5000-7fe18f2f3000 rw-p 00000000 00:00 0 
7fe18f2f3000-7fe18f2f6000 ---p 00000000 00:00 0 
7fe18f2f6000-7fe18f3f4000 rw-p 00000000 00:00 0 
7fe18f3f4000-7fe18f3f7000 ---p 00000000 00:00 0 
7fe18f3f7000-7fe18f4f5000 rw-p 00000000 00:00 0 
7fe18f4f5000-7fe18f4f8000 ---p 00000000 00:00 0 
7fe18f4f8000-7fe18f5f6000 rw-p 00000000 00:00 0 
7fe18f5f6000-7fe18f5f9000 ---p 00000000 00:00 0 
7fe18f5f9000-7fe18f6f7000 rw-p 00000000 00:00 0 
7fe18f6f7000-7fe18f6f8000 ---p 00000000 00:00 0 
7fe18f6f8000-7fe190000000 rw-p 00000000 00:00 0 
7fe190000000-7fe190021000 rw-p 00000000 00:00 0 
7fe190021000-7fe194000000 ---p 00000000 00:00 0 
7fe194000000-7fe194021000 rw-p 00000000 00:00 0 
7fe194021000-7fe198000000 ---p 00000000 00:00 0 
7fe198000000-7fe198021000 rw-p 00000000 00:00 0 
7fe198021000-7fe19c000000 ---p 00000000 00:00 0 
7fe19c005000-7fe19c007000 r--s 00019000 08:06 680182                     /usr/share/intellij-idea-ue-bundled-jre/lib/idea_rt.jar
7fe19c007000-7fe19c00c000 r--s 002f9000 08:06 567319                     /usr/lib/jvm/java-8-openjdk/jre/lib/charsets.jar
7fe19c00c000-7fe1a0000000 rw-p 00000000 00:00 0 
7fe1a0000000-7fe1a0021000 rw-p 00000000 00:00 0 
7fe1a0021000-7fe1a4000000 ---p 00000000 00:00 0 
7fe1a4000000-7fe1a4865000 rw-p 00000000 00:00 0 
7fe1a4865000-7fe1a4c25000 ---p 00000000 00:00 0 
7fe1a4c25000-7fe1a5000000 rw-p 00000000 00:00 0 
7fe1a5000000-7fe1a5270000 rwxp 00000000 00:00 0 
7fe1a5270000-7fe1b4000000 ---p 00000000 00:00 0 
7fe1b4000000-7fe1b4146000 rw-p 00000000 00:00 0 
7fe1b4146000-7fe1b8000000 ---p 00000000 00:00 0 
7fe1b8000000-7fe1b8004000 r--s 0009a000 08:06 567320                     /usr/lib/jvm/java-8-openjdk/jre/lib/jsse.jar
7fe1b8004000-7fe1b8152000 rw-p 00000000 00:00 0 
7fe1b8152000-7fe1b8321000 r--s 03c05000 08:06 567327                     /usr/lib/jvm/java-8-openjdk/jre/lib/rt.jar
7fe1b8321000-7fe1b8397000 rw-p 00000000 00:00 0 
7fe1b8397000-7fe1b8398000 ---p 00000000 00:00 0 
7fe1b8398000-7fe1b8498000 rw-p 00000000 00:00 0 
7fe1b8498000-7fe1b8499000 ---p 00000000 00:00 0 
7fe1b8499000-7fe1b8599000 rw-p 00000000 00:00 0 
7fe1b8599000-7fe1b859a000 ---p 00000000 00:00 0 
7fe1b859a000-7fe1b869a000 rw-p 00000000 00:00 0 
7fe1b869a000-7fe1b869b000 ---p 00000000 00:00 0 
7fe1b869b000-7fe1b891a000 rw-p 00000000 00:00 0 
7fe1b891a000-7fe1b8a2d000 ---p 00000000 00:00 0 
7fe1b8a2d000-7fe1b8bac000 rw-p 00000000 00:00 0 
7fe1b8bac000-7fe1b8cbf000 ---p 00000000 00:00 0 
7fe1b8cbf000-7fe1b8e08000 rw-p 00000000 00:00 0 
7fe1b8e08000-7fe1b8e13000 rw-p 00000000 00:00 0 
7fe1b8e13000-7fe1b91c9000 ---p 00000000 00:00 0 
7fe1b91c9000-7fe1b91d1000 r-xp 00000000 08:06 567389                     /usr/lib/jvm/java-8-openjdk/jre/lib/amd64/libzip.so
7fe1b91d1000-7fe1b93d0000 ---p 00008000 08:06 567389                     /usr/lib/jvm/java-8-openjdk/jre/lib/amd64/libzip.so
7fe1b93d0000-7fe1b93d1000 r--p 00007000 08:06 567389                     /usr/lib/jvm/java-8-openjdk/jre/lib/amd64/libzip.so
7fe1b93d1000-7fe1b93d2000 rw-p 00008000 08:06 567389                     /usr/lib/jvm/java-8-openjdk/jre/lib/amd64/libzip.so
7fe1b93d2000-7fe1b93dd000 r-xp 00000000 08:06 395321                     /usr/lib/libnss_files-2.25.so
7fe1b93dd000-7fe1b95dc000 ---p 0000b000 08:06 395321                     /usr/lib/libnss_files-2.25.so
7fe1b95dc000-7fe1b95dd000 r--p 0000a000 08:06 395321                     /usr/lib/libnss_files-2.25.so
7fe1b95dd000-7fe1b95de000 rw-p 0000b000 08:06 395321                     /usr/lib/libnss_files-2.25.so
7fe1b95de000-7fe1b95e4000 rw-p 00000000 00:00 0 
7fe1b95e4000-7fe1b95ef000 r-xp 00000000 08:06 395319                     /usr/lib/libnss_nis-2.25.so
7fe1b95ef000-7fe1b97ee000 ---p 0000b000 08:06 395319                     /usr/lib/libnss_nis-2.25.so
7fe1b97ee000-7fe1b97ef000 r--p 0000a000 08:06 395319                     /usr/lib/libnss_nis-2.25.so
7fe1b97ef000-7fe1b97f0000 rw-p 0000b000 08:06 395319                     /usr/lib/libnss_nis-2.25.so
7fe1b97f0000-7fe1b9805000 r-xp 00000000 08:06 395315                     /usr/lib/libnsl-2.25.so
7fe1b9805000-7fe1b9a04000 ---p 00015000 08:06 395315                     /usr/lib/libnsl-2.25.so
7fe1b9a04000-7fe1b9a05000 r--p 00014000 08:06 395315                     /usr/lib/libnsl-2.25.so
7fe1b9a05000-7fe1b9a06000 rw-p 00015000 08:06 395315                     /usr/lib/libnsl-2.25.so
7fe1b9a06000-7fe1b9a08000 rw-p 00000000 00:00 0 
7fe1b9a08000-7fe1b9a0f000 r-xp 00000000 08:06 395324                     /usr/lib/libnss_compat-2.25.so
7fe1b9a0f000-7fe1b9c0e000 ---p 00007000 08:06 395324                     /usr/lib/libnss_compat-2.25.so
7fe1b9c0e000-7fe1b9c0f000 r--p 00006000 08:06 395324                     /usr/lib/libnss_compat-2.25.so
7fe1b9c0f000-7fe1b9c10000 rw-p 00007000 08:06 395324                     /usr/lib/libnss_compat-2.25.so
7fe1b9c10000-7fe1b9c3d000 r-xp 00000000 08:06 567385                     /usr/lib/jvm/java-8-openjdk/jre/lib/amd64/libjava.so
7fe1b9c3d000-7fe1b9e3c000 ---p 0002d000 08:06 567385                     /usr/lib/jvm/java-8-openjdk/jre/lib/amd64/libjava.so
7fe1b9e3c000-7fe1b9e3d000 r--p 0002c000 08:06 567385                     /usr/lib/jvm/java-8-openjdk/jre/lib/amd64/libjava.so
7fe1b9e3d000-7fe1b9e3f000 rw-p 0002d000 08:06 567385                     /usr/lib/jvm/java-8-openjdk/jre/lib/amd64/libjava.so
7fe1b9e3f000-7fe1b9e4c000 r-xp 00000000 08:06 567368                     /usr/lib/jvm/java-8-openjdk/jre/lib/amd64/libverify.so
7fe1b9e4c000-7fe1ba04b000 ---p 0000d000 08:06 567368                     /usr/lib/jvm/java-8-openjdk/jre/lib/amd64/libverify.so
7fe1ba04b000-7fe1ba04d000 r--p 0000c000 08:06 567368                     /usr/lib/jvm/java-8-openjdk/jre/lib/amd64/libverify.so
7fe1ba04d000-7fe1ba04e000 rw-p 0000e000 08:06 567368                     /usr/lib/jvm/java-8-openjdk/jre/lib/amd64/libverify.so
7fe1ba04e000-7fe1ba055000 r-xp 00000000 08:06 395313                     /usr/lib/librt-2.25.so
7fe1ba055000-7fe1ba254000 ---p 00007000 08:06 395313                     /usr/lib/librt-2.25.so
7fe1ba254000-7fe1ba255000 r--p 00006000 08:06 395313                     /usr/lib/librt-2.25.so
7fe1ba255000-7fe1ba256000 rw-p 00007000 08:06 395313                     /usr/lib/librt-2.25.so
7fe1ba256000-7fe1ba368000 r-xp 00000000 08:06 395316                     /usr/lib/libm-2.25.so
7fe1ba368000-7fe1ba567000 ---p 00112000 08:06 395316                     /usr/lib/libm-2.25.so
7fe1ba567000-7fe1ba568000 r--p 00111000 08:06 395316                     /usr/lib/libm-2.25.so
7fe1ba568000-7fe1ba569000 rw-p 00112000 08:06 395316                     /usr/lib/libm-2.25.so
7fe1ba569000-7fe1bb194000 r-xp 00000000 08:06 567396                     /usr/lib/jvm/java-8-openjdk/jre/lib/amd64/server/libjvm.so
7fe1bb194000-7fe1bb393000 ---p 00c2b000 08:06 567396                     /usr/lib/jvm/java-8-openjdk/jre/lib/amd64/server/libjvm.so
7fe1bb393000-7fe1bb427000 r--p 00c2a000 08:06 567396                     /usr/lib/jvm/java-8-openjdk/jre/lib/amd64/server/libjvm.so
7fe1bb427000-7fe1bb450000 rw-p 00cbe000 08:06 567396                     /usr/lib/jvm/java-8-openjdk/jre/lib/amd64/server/libjvm.so
7fe1bb450000-7fe1bb480000 rw-p 00000000 00:00 0 
7fe1bb480000-7fe1bb61b000 r-xp 00000000 08:06 395371                     /usr/lib/libc-2.25.so
7fe1bb61b000-7fe1bb81a000 ---p 0019b000 08:06 395371                     /usr/lib/libc-2.25.so
7fe1bb81a000-7fe1bb81e000 r--p 0019a000 08:06 395371                     /usr/lib/libc-2.25.so
7fe1bb81e000-7fe1bb820000 rw-p 0019e000 08:06 395371                     /usr/lib/libc-2.25.so
7fe1bb820000-7fe1bb824000 rw-p 00000000 00:00 0 
7fe1bb824000-7fe1bb827000 r-xp 00000000 08:06 395317                     /usr/lib/libdl-2.25.so
7fe1bb827000-7fe1bba26000 ---p 00003000 08:06 395317                     /usr/lib/libdl-2.25.so
7fe1bba26000-7fe1bba27000 r--p 00002000 08:06 395317                     /usr/lib/libdl-2.25.so
7fe1bba27000-7fe1bba28000 rw-p 00003000 08:06 395317                     /usr/lib/libdl-2.25.so
7fe1bba28000-7fe1bba35000 r-xp 00000000 08:06 567399                     /usr/lib/jvm/java-8-openjdk/jre/lib/amd64/jli/libjli.so
7fe1bba35000-7fe1bbc34000 ---p 0000d000 08:06 567399                     /usr/lib/jvm/java-8-openjdk/jre/lib/amd64/jli/libjli.so
7fe1bbc34000-7fe1bbc35000 r--p 0000c000 08:06 567399                     /usr/lib/jvm/java-8-openjdk/jre/lib/amd64/jli/libjli.so
7fe1bbc35000-7fe1bbc36000 rw-p 0000d000 08:06 567399                     /usr/lib/jvm/java-8-openjdk/jre/lib/amd64/jli/libjli.so
7fe1bbc36000-7fe1bbc4c000 r-xp 00000000 08:06 404492                     /usr/lib/libz.so.1.2.11
7fe1bbc4c000-7fe1bbe4b000 ---p 00016000 08:06 404492                     /usr/lib/libz.so.1.2.11
7fe1bbe4b000-7fe1bbe4c000 r--p 00015000 08:06 404492                     /usr/lib/libz.so.1.2.11
7fe1bbe4c000-7fe1bbe4d000 rw-p 00016000 08:06 404492                     /usr/lib/libz.so.1.2.11
7fe1bbe4d000-7fe1bbe66000 r-xp 00000000 08:06 395390                     /usr/lib/libpthread-2.25.so
7fe1bbe66000-7fe1bc065000 ---p 00019000 08:06 395390                     /usr/lib/libpthread-2.25.so
7fe1bc065000-7fe1bc066000 r--p 00018000 08:06 395390                     /usr/lib/libpthread-2.25.so
7fe1bc066000-7fe1bc067000 rw-p 00019000 08:06 395390                     /usr/lib/libpthread-2.25.so
7fe1bc067000-7fe1bc06b000 rw-p 00000000 00:00 0 
7fe1bc06b000-7fe1bc08e000 r-xp 00000000 08:06 395372                     /usr/lib/ld-2.25.so
7fe1bc08e000-7fe1bc08f000 r--s 00000000 08:06 567318                     /usr/lib/jvm/java-8-openjdk/jre/lib/management-agent.jar
7fe1bc08f000-7fe1bc092000 r--s 00015000 08:06 567314                     /usr/lib/jvm/java-8-openjdk/jre/lib/jce.jar
7fe1bc092000-7fe1bc157000 rw-p 00000000 00:00 0 
7fe1bc157000-7fe1bc15a000 ---p 00000000 00:00 0 
7fe1bc15a000-7fe1bc281000 rw-p 00000000 00:00 0 
7fe1bc281000-7fe1bc289000 rw-s 00000000 00:24 111897                     /tmp/hsperfdata_hugo/5911
7fe1bc289000-7fe1bc28a000 rw-p 00000000 00:00 0 
7fe1bc28a000-7fe1bc28b000 ---p 00000000 00:00 0 
7fe1bc28b000-7fe1bc28d000 rw-p 00000000 00:00 0 
7fe1bc28d000-7fe1bc28e000 r--p 00022000 08:06 395372                     /usr/lib/ld-2.25.so
7fe1bc28e000-7fe1bc28f000 rw-p 00023000 08:06 395372                     /usr/lib/ld-2.25.so
7fe1bc28f000-7fe1bc290000 rw-p 00000000 00:00 0 
7ffff780e000-7ffff782f000 rw-p 00000000 00:00 0                          [stack]
7ffff79bc000-7ffff79be000 r--p 00000000 00:00 0                          [vvar]
7ffff79be000-7ffff79c0000 r-xp 00000000 00:00 0                          [vdso]
ffffffffff600000-ffffffffff601000 r-xp 00000000 00:00 0                  [vsyscall]

VM Arguments:
jvm_args: -Didea.launcher.port=7532 -Didea.launcher.bin.path=/usr/share/intellij-idea-ue-bundled-jre/bin -Dfile.encoding=UTF-8 
java_command: com.intellij.rt.execution.application.AppMain Main
java_class_path (initial): /usr/lib/jvm/java-8-openjdk/jre/lib/charsets.jar:/usr/lib/jvm/java-8-openjdk/jre/lib/ext/cldrdata.jar:/usr/lib/jvm/java-8-openjdk/jre/lib/ext/dnsns.jar:/usr/lib/jvm/java-8-openjdk/jre/lib/ext/jaccess.jar:/usr/lib/jvm/java-8-openjdk/jre/lib/ext/localedata.jar:/usr/lib/jvm/java-8-openjdk/jre/lib/ext/nashorn.jar:/usr/lib/jvm/java-8-openjdk/jre/lib/ext/sunec.jar:/usr/lib/jvm/java-8-openjdk/jre/lib/ext/sunjce_provider.jar:/usr/lib/jvm/java-8-openjdk/jre/lib/ext/sunpkcs11.jar:/usr/lib/jvm/java-8-openjdk/jre/lib/ext/zipfs.jar:/usr/lib/jvm/java-8-openjdk/jre/lib/jce.jar:/usr/lib/jvm/java-8-openjdk/jre/lib/jsse.jar:/usr/lib/jvm/java-8-openjdk/jre/lib/management-agent.jar:/usr/lib/jvm/java-8-openjdk/jre/lib/resources.jar:/usr/lib/jvm/java-8-openjdk/jre/lib/rt.jar:/home/hugo/Work/Constraint/Assignment 2/Constraint Solver/out/production/Constraint Solver:/usr/share/intellij-idea-ue-bundled-jre/lib/idea_rt.jar
Launcher Type: SUN_STANDARD

Environment Variables:
PATH=/usr/local/sbin:/usr/local/bin:/usr/bin:/usr/lib/jvm/default/bin:/usr/bin/site_perl:/usr/bin/vendor_perl:/usr/bin/core_perl
LD_LIBRARY_PATH=/usr/share/intellij-idea-ue-bundled-jre/bin:
SHELL=/bin/bash
DISPLAY=:0

Signal Handlers:
SIGSEGV: [libjvm.so+0xa2d880], sa_mask[0]=11111111011111111101111111111110, sa_flags=SA_RESTART|SA_SIGINFO
SIGBUS: [libjvm.so+0xa2d880], sa_mask[0]=11111111011111111101111111111110, sa_flags=SA_RESTART|SA_SIGINFO
SIGFPE: [libjvm.so+0x881d40], sa_mask[0]=11111111011111111101111111111110, sa_flags=SA_RESTART|SA_SIGINFO
SIGPIPE: [libjvm.so+0x881d40], sa_mask[0]=11111111011111111101111111111110, sa_flags=SA_RESTART|SA_SIGINFO
SIGXFSZ: [libjvm.so+0x881d40], sa_mask[0]=11111111011111111101111111111110, sa_flags=SA_RESTART|SA_SIGINFO
SIGILL: [libjvm.so+0x881d40], sa_mask[0]=11111111011111111101111111111110, sa_flags=SA_RESTART|SA_SIGINFO
SIGUSR1: SIG_DFL, sa_mask[0]=00000000000000000000000000000000, sa_flags=none
SIGUSR2: [libjvm.so+0x881c10], sa_mask[0]=00100000000000000000000000000000, sa_flags=SA_RESTART|SA_SIGINFO
SIGHUP: [libjvm.so+0x882080], sa_mask[0]=11111111011111111101111111111110, sa_flags=SA_RESTART|SA_SIGINFO
SIGINT: [libjvm.so+0x882080], sa_mask[0]=11111111011111111101111111111110, sa_flags=SA_RESTART|SA_SIGINFO
SIGTERM: [libjvm.so+0x882080], sa_mask[0]=11111111011111111101111111111110, sa_flags=SA_RESTART|SA_SIGINFO
SIGQUIT: [libjvm.so+0x882080], sa_mask[0]=11111111011111111101111111111110, sa_flags=SA_RESTART|SA_SIGINFO


---------------  S Y S T E M  ---------------

OS:NAME="Arch Linux"
PRETTY_NAME="Arch Linux"
ID=arch
ID_LIKE=archlinux
ANSI_COLOR="0;36"
HOME_URL="https://www.archlinux.org/"
SUPPORT_URL="https://bbs.archlinux.org/"
BUG_REPORT_URL="https://bugs.archlinux.org/"


uname:Linux 4.10.2-1-ARCH #1 SMP PREEMPT Mon Mar 13 17:13:41 CET 2017 x86_64
libc:glibc 2.25 NPTL 2.25 
rlimit: STACK 8192k, CORE infinity, NPROC 30472, NOFILE 4096, AS infinity
load average:2.79 1.97 1.63

/proc/meminfo:
MemTotal:        8081224 kB
MemFree:          117028 kB
MemAvailable:      31108 kB
Buffers:            1788 kB
Cached:           969200 kB
SwapCached:            0 kB
Active:          6829356 kB
Inactive:         915748 kB
Active(anon):    6796636 kB
Inactive(anon):   886704 kB
Active(file):      32720 kB
Inactive(file):    29044 kB
Unevictable:          32 kB
Mlocked:              32 kB
SwapTotal:             0 kB
SwapFree:              0 kB
Dirty:                36 kB
Writeback:             0 kB
AnonPages:       6774452 kB
Mapped:           542492 kB
Shmem:            908936 kB
Slab:              77372 kB
SReclaimable:      36248 kB
SUnreclaim:        41124 kB
KernelStack:       10332 kB
PageTables:        59936 kB
NFS_Unstable:          0 kB
Bounce:                0 kB
WritebackTmp:          0 kB
CommitLimit:     4040612 kB
Committed_AS:   12376320 kB
VmallocTotal:   34359738367 kB
VmallocUsed:           0 kB
VmallocChunk:          0 kB
HardwareCorrupted:     0 kB
AnonHugePages:   4362240 kB
ShmemHugePages:        0 kB
ShmemPmdMapped:        0 kB
HugePages_Total:       0
HugePages_Free:        0
HugePages_Rsvd:        0
HugePages_Surp:        0
Hugepagesize:       2048 kB
DirectMap4k:      154716 kB
DirectMap2M:     6039552 kB
DirectMap1G:     3145728 kB


CPU:total 4 (2 cores per cpu, 2 threads per core) family 6 model 61 stepping 4, cmov, cx8, fxsr, mmx, sse, sse2, sse3, ssse3, sse4.1, sse4.2, popcnt, avx, avx2, aes, clmul, erms, 3dnowpref, lzcnt, ht, tsc, tscinvbit, bmi1, bmi2, adx

/proc/cpuinfo:
processor	: 0
vendor_id	: GenuineIntel
cpu family	: 6
model		: 61
model name	: Intel(R) Core(TM) i7-5500U CPU @ 2.40GHz
stepping	: 4
microcode	: 0x24
cpu MHz		: 2899.951
cache size	: 4096 KB
physical id	: 0
siblings	: 4
core id		: 0
cpu cores	: 2
apicid		: 0
initial apicid	: 0
fpu		: yes
fpu_exception	: yes
cpuid level	: 20
wp		: yes
flags		: fpu vme de pse tsc msr pae mce cx8 apic sep mtrr pge mca cmov pat pse36 clflush dts acpi mmx fxsr sse sse2 ss ht tm pbe syscall nx pdpe1gb rdtscp lm constant_tsc arch_perfmon pebs bts rep_good nopl xtopology nonstop_tsc aperfmperf pni pclmulqdq dtes64 monitor ds_cpl vmx est tm2 ssse3 sdbg fma cx16 xtpr pdcm pcid sse4_1 sse4_2 x2apic movbe popcnt tsc_deadline_timer aes xsave avx f16c rdrand lahf_lm abm 3dnowprefetch epb intel_pt tpr_shadow vnmi flexpriority ept vpid fsgsbase tsc_adjust bmi1 avx2 smep bmi2 erms invpcid rdseed adx smap xsaveopt dtherm ida arat pln pts
bugs		:
bogomips	: 4790.40
clflush size	: 64
cache_alignment	: 64
address sizes	: 39 bits physical, 48 bits virtual
power management:

processor	: 1
vendor_id	: GenuineIntel
cpu family	: 6
model		: 61
model name	: Intel(R) Core(TM) i7-5500U CPU @ 2.40GHz
stepping	: 4
microcode	: 0x24
cpu MHz		: 2899.951
cache size	: 4096 KB
physical id	: 0
siblings	: 4
core id		: 1
cpu cores	: 2
apicid		: 2
initial apicid	: 2
fpu		: yes
fpu_exception	: yes
cpuid level	: 20
wp		: yes
flags		: fpu vme de pse tsc msr pae mce cx8 apic sep mtrr pge mca cmov pat pse36 clflush dts acpi mmx fxsr sse sse2 ss ht tm pbe syscall nx pdpe1gb rdtscp lm constant_tsc arch_perfmon pebs bts rep_good nopl xtopology nonstop_tsc aperfmperf pni pclmulqdq dtes64 monitor ds_cpl vmx est tm2 ssse3 sdbg fma cx16 xtpr pdcm pcid sse4_1 sse4_2 x2apic movbe popcnt tsc_deadline_timer aes xsave avx f16c rdrand lahf_lm abm 3dnowprefetch epb intel_pt tpr_shadow vnmi flexpriority ept vpid fsgsbase tsc_adjust bmi1 avx2 smep bmi2 erms invpcid rdseed adx smap xsaveopt dtherm ida arat pln pts
bugs		:
bogomips	: 4791.55
clflush size	: 64
cache_alignment	: 64
address sizes	: 39 bits physical, 48 bits virtual
power management:

processor	: 2
vendor_id	: GenuineIntel
cpu family	: 6
model		: 61
model name	: Intel(R) Core(TM) i7-5500U CPU @ 2.40GHz
stepping	: 4
microcode	: 0x24
cpu MHz		: 2899.951
cache size	: 4096 KB
physical id	: 0
siblings	: 4
core id		: 0
cpu cores	: 2
apicid		: 1
initial apicid	: 1
fpu		: yes
fpu_exception	: yes
cpuid level	: 20
wp		: yes
flags		: fpu vme de pse tsc msr pae mce cx8 apic sep mtrr pge mca cmov pat pse36 clflush dts acpi mmx fxsr sse sse2 ss ht tm pbe syscall nx pdpe1gb rdtscp lm constant_tsc arch_perfmon pebs bts rep_good nopl xtopology nonstop_tsc aperfmperf pni pclmulqdq dtes64 monitor ds_cpl vmx est tm2 ssse3 sdbg fma cx16 xtpr pdcm pcid sse4_1 sse4_2 x2apic movbe popcnt tsc_deadline_timer aes xsave avx f16c rdrand lahf_lm abm 3dnowprefetch epb intel_pt tpr_shadow vnmi flexpriority ept vpid fsgsbase tsc_adjust bmi1 avx2 smep bmi2 erms invpcid rdseed adx smap xsaveopt dtherm ida arat pln pts
bugs		:
bogomips	: 4792.00
clflush size	: 64
cache_alignment	: 64
address sizes	: 39 bits physical, 48 bits virtual
power management:

processor	: 3
vendor_id	: GenuineIntel
cpu family	: 6
model		: 61
model name	: Intel(R) Core(TM) i7-5500U CPU @ 2.40GHz
stepping	: 4
microcode	: 0x24
cpu MHz		: 2899.951
cache size	: 4096 KB
physical id	: 0
siblings	: 4
core id		: 1
cpu cores	: 2
apicid		: 3
initial apicid	: 3
fpu		: yes
fpu_exception	: yes
cpuid level	: 20
wp		: yes
flags		: fpu vme de pse tsc msr pae mce cx8 apic sep mtrr pge mca cmov pat pse36 clflush dts acpi mmx fxsr sse sse2 ss ht tm pbe syscall nx pdpe1gb rdtscp lm constant_tsc arch_perfmon pebs bts rep_good nopl xtopology nonstop_tsc aperfmperf pni pclmulqdq dtes64 monitor ds_cpl vmx est tm2 ssse3 sdbg fma cx16 xtpr pdcm pcid sse4_1 sse4_2 x2apic movbe popcnt tsc_deadline_timer aes xsave avx f16c rdrand lahf_lm abm 3dnowprefetch epb intel_pt tpr_shadow vnmi flexpriority ept vpid fsgsbase tsc_adjust bmi1 avx2 smep bmi2 erms invpcid rdseed adx smap xsaveopt dtherm ida arat pln pts
bugs		:
bogomips	: 4791.57
clflush size	: 64
cache_alignment	: 64
address sizes	: 39 bits physical, 48 bits virtual
power management:



Memory: 4k page, physical 8081224k(117028k free), swap 0k(0k free)

vm_info: OpenJDK 64-Bit Server VM (25.121-b13) for linux-amd64 JRE (1.8.0_121-b13), built on Jan 22 2017 09:22:31 by "builduser" with gcc 6.3.1 20170109

time: Sat Mar 18 20:53:57 2017
elapsed time: 23 seconds (0d 0h 0m 23s)

